  cap.cpp
  pymf.cpp
D:\Program Files\Microsoft Visual Studio\2022\Community\VC\Tools\MSVC\14.31.31103\include\xstring(2584,23): warning C4244: “参数”: 从“wchar_t”转换到“const _Elem”，可能丢失数据
          with
          [
              _Elem=char
          ]
D:\Program Files\Microsoft Visual Studio\2022\Community\VC\Tools\MSVC\14.31.31103\include\xstring(2595): message : 查看对正在编译的函数 模板 实例化“void std::basic_string<char,std::char_traits<char>,std::allocator<char>>::_Construct<wchar_t*>(_Iter,const _Iter,std::input_iterator_tag)”的引用
          with
          [
              _Iter=wchar_t *
          ]
D:\Program Files\Microsoft Visual Studio\2022\Community\VC\Tools\MSVC\14.31.31103\include\xstring(2595): message : 查看对正在编译的函数 模板 实例化“void std::basic_string<char,std::char_traits<char>,std::allocator<char>>::_Construct<wchar_t*>(_Iter,const _Iter,std::input_iterator_tag)”的引用
          with
          [
              _Iter=wchar_t *
          ]
D:\Program Files\Microsoft Visual Studio\2022\Community\VC\Tools\MSVC\14.31.31103\include\xstring(2575): message : 查看对正在编译的函数 模板 实例化“void std::basic_string<char,std::char_traits<char>,std::allocator<char>>::_Construct<wchar_t*>(const _Iter,const _Iter,std::forward_iterator_tag)”的引用
          with
          [
              _Iter=wchar_t *
          ]
D:\Program Files\Microsoft Visual Studio\2022\Community\VC\Tools\MSVC\14.31.31103\include\xstring(2575): message : 查看对正在编译的函数 模板 实例化“void std::basic_string<char,std::char_traits<char>,std::allocator<char>>::_Construct<wchar_t*>(const _Iter,const _Iter,std::forward_iterator_tag)”的引用
          with
          [
              _Iter=wchar_t *
          ]
D:\Github\SuperMarioMaker2-ObjectDetection\MFCaptureToFile\pymf.cpp(30): message : 查看对正在编译的函数 模板 实例化“std::basic_string<char,std::char_traits<char>,std::allocator<char>>::basic_string<std::_String_iterator<std::_String_val<std::_Simple_types<_Elem>>>,0>(_Iter,_Iter,const _Alloc &)”的引用
          with
          [
              _Elem=wchar_t,
              _Iter=std::_String_iterator<std::_String_val<std::_Simple_types<wchar_t>>>,
              _Alloc=std::allocator<char>
          ]
D:\Github\SuperMarioMaker2-ObjectDetection\MFCaptureToFile\pymf.cpp(30): message : 查看对正在编译的函数 模板 实例化“std::basic_string<char,std::char_traits<char>,std::allocator<char>>::basic_string<std::_String_iterator<std::_String_val<std::_Simple_types<_Elem>>>,0>(_Iter,_Iter,const _Alloc &)”的引用
          with
          [
              _Elem=wchar_t,
              _Iter=std::_String_iterator<std::_String_val<std::_Simple_types<wchar_t>>>,
              _Alloc=std::allocator<char>
          ]
    正在创建库 D:\Github\SuperMarioMaker2-ObjectDetection\MFCaptureToFile\x64\Release\CameraFinder.lib 和对象 D:\Github\SuperMarioMaker2-ObjectDetection\MFCaptureToFile\x64\Release\CameraFinder.exp
  正在生成代码
  5 of 202 functions ( 2.5%) were compiled, the rest were copied from previous compilation.
    0 functions were new in current compilation
    0 functions had inline decision re-evaluated but remain unchanged
  已完成代码的生成
  CameraFinder.vcxproj -> D:\Github\SuperMarioMaker2-ObjectDetection\MFCaptureToFile\x64\Release\CameraFinder.pyd
